<?xml version="1.0" encoding="UTF-8"?>
<!-- Generated by org.testng.reporters.JUnitReportReporter -->
<testsuite skipped="0" hostname="DESKTOP-DS1BPUV" name="switchToComand.AlertHandle" tests="1" failures="0" timestamp="2020-04-16T15:18:40 IST" time="24.937" errors="0">
  <testcase name="sendTextMsgforAlertboxDismiss" time="24.937" classname="switchToComand.AlertHandle"/>
  <system-out/>
</testsuite> <!-- switchToComand.AlertHandle -->
