<?xml version="1.0" encoding="UTF-8"?>
<!-- Generated by org.testng.reporters.JUnitReportReporter -->
<testsuite skipped="0" hostname="DESKTOP-DS1BPUV" name="RegisterDataField.DownloadingFiles" tests="1" failures="0" timestamp="2020-04-13T17:57:23 IST" time="151.210" errors="0">
  <testcase name="handleDownloadFile" time="151.210" classname="RegisterDataField.DownloadingFiles"/>
  <system-out/>
</testsuite> <!-- RegisterDataField.DownloadingFiles -->
