<?xml version="1.0" encoding="UTF-8"?>
<!-- Generated by org.testng.reporters.JUnitReportReporter -->
<testsuite skipped="1" hostname="DESKTOP-DS1BPUV" name="RegisterDataField.DownloadingFilesUsingWget" tests="2" failures="0" timestamp="2020-04-14T12:59:49 IST" time="32.414" errors="0">
  <testcase name="filedowlod2" time="32.414" classname="RegisterDataField.DownloadingFilesUsingWget"/>
  <system-out/>
  <testcase name="handleDownloadFile" classname="RegisterDataField.DownloadingFilesUsingWget">
    <skipped/>
  </testcase> <!-- handleDownloadFile -->
  <system-out/>
</testsuite> <!-- RegisterDataField.DownloadingFilesUsingWget -->
