<?xml version="1.0" encoding="UTF-8"?>
<!-- Generated by org.testng.reporters.JUnitReportReporter -->
<testsuite skipped="1" hostname="DESKTOP-DS1BPUV" name="RegisterDataField.FirefoxProfilePrefer4Download" tests="2" failures="0" timestamp="2020-04-15T18:41:04 IST" time="18.020" errors="0">
  <testcase name="FFdownLoadHandleForManualIntervationforCancelOrSave" time="18.020" classname="RegisterDataField.FirefoxProfilePrefer4Download"/>
  <system-out/>
  <testcase name="FFdownLoadFileHandleForAutoDownloadLink" classname="RegisterDataField.FirefoxProfilePrefer4Download">
    <skipped/>
  </testcase> <!-- FFdownLoadFileHandleForAutoDownloadLink -->
  <system-out/>
</testsuite> <!-- RegisterDataField.FirefoxProfilePrefer4Download -->
