<?xml version="1.0" encoding="UTF-8"?>
<!-- Generated by org.testng.reporters.JUnitReportReporter -->
<testsuite skipped="0" hostname="DESKTOP-DS1BPUV" name="RegisterDataField.ChromeProfilePref4Download" tests="1" failures="0" timestamp="2020-04-15T17:53:46 IST" time="16.927" errors="0">
  <testcase name="CCfileDownloadsupport" time="16.927" classname="RegisterDataField.ChromeProfilePref4Download"/>
  <system-out/>
</testsuite> <!-- RegisterDataField.ChromeProfilePref4Download -->
